<?xml version="1.0" encoding="UTF-8"?>
<!-- Generated by org.testng.reporters.JUnitReportReporter -->
<testsuite hostname="Macbook-Pro.local" failures="0" tests="1" name="com.orangehrm.LoginTest" time="25.944" errors="0" timestamp="2025-10-22T00:28:59 IST" skipped="0">
  <testcase classname="com.orangehrm.LoginTest" name="testLogin" time="25.944"/>
</testsuite> <!-- com.orangehrm.LoginTest -->
